[debug] [2017-11-02T19:15:18.141Z] ----------------------------------------------------------------------
[debug] [2017-11-02T19:15:18.151Z] Command:       C:\Program Files\nodejs\node.exe C:\Users\HP\AppData\Roaming\npm\node_modules\firebase-tools\bin\firebase serve --only functions,hosting
[debug] [2017-11-02T19:15:18.153Z] CLI Version:   3.14.0
[debug] [2017-11-02T19:15:18.153Z] Platform:      win32
[debug] [2017-11-02T19:15:18.153Z] Node Version:  v6.11.5
[debug] [2017-11-02T19:15:18.159Z] Time:          Fri Nov 03 2017 00:45:18 GMT+0530 (India Standard Time)
[debug] [2017-11-02T19:15:18.159Z] ----------------------------------------------------------------------
[debug] 
[debug] [2017-11-02T19:15:18.207Z] > command requires scopes: ["email","openid","https://www.googleapis.com/auth/cloudplatformprojects.readonly","https://www.googleapis.com/auth/firebase","https://www.googleapis.com/auth/cloud-platform"]
[debug] [2017-11-02T19:15:18.207Z] > attempting to authenticate via app default credentials
[debug] [2017-11-02T19:15:39.872Z] ya29.Glz3BBoMZ1FYy-IWomLpRUCjS5CtDEEU_fJhKl0rOqiGfkOPtKQ1nI0fyRInYDDFBq2h2hw7uY3YpxGSaZZXR5JZ1_zSucsXiWlFld0GRTundZ8UXFZFazqbJ3WXzw
[debug] [2017-11-02T19:15:39.874Z] > retrieved access token via default credentials
[debug] [2017-11-02T19:15:39.878Z] >>> HTTP REQUEST GET https://admin.firebase.com/v1/projects/gitbub-trello-webhook  
 Fri Nov 03 2017 00:45:39 GMT+0530 (India Standard Time)
[debug] [2017-11-02T19:15:41.311Z] <<< HTTP RESPONSE 200
[debug] [2017-11-02T19:15:41.313Z] >>> HTTP REQUEST GET https://admin.firebase.com/v1/database/gitbub-trello-webhook/tokens  
 Fri Nov 03 2017 00:45:41 GMT+0530 (India Standard Time)
[debug] [2017-11-02T19:15:42.313Z] <<< HTTP RESPONSE 200
[info] 
[info] === Serving from 'F:\Capgemini\firebase\firebasehosting'...
[info] 
[info] i  functions: Preparing to emulate functions.
[debug] [2017-11-02T19:15:45.210Z] >>> HTTP REQUEST GET https://appengine.googleapis.com/v1/apps/gitbub-trello-webhook  
 Fri Nov 03 2017 00:45:45 GMT+0530 (India Standard Time)
[debug] [2017-11-02T19:15:45.212Z] >>> HTTP REQUEST GET https://apikeys.googleapis.com/v1/projects/gitbub-trello-webhook/apiKeys  
 Fri Nov 03 2017 00:45:45 GMT+0530 (India Standard Time)
[debug] [2017-11-02T19:15:45.214Z] >>> HTTP REQUEST GET https://cloudresourcemanager.googleapis.com/v1/projects/gitbub-trello-webhook  
 Fri Nov 03 2017 00:45:45 GMT+0530 (India Standard Time)
[debug] [2017-11-02T19:15:46.919Z] <<< HTTP RESPONSE 200
[debug] [2017-11-02T19:15:46.919Z] >>> HTTP REQUEST GET https://mobilesdk-pa.googleapis.com/v1/projects/1018108793667/clients/_:getWebAppConfig  
 Fri Nov 03 2017 00:45:46 GMT+0530 (India Standard Time)
[debug] [2017-11-02T19:15:47.019Z] <<< HTTP RESPONSE 200
[debug] [2017-11-02T19:15:47.073Z] <<< HTTP RESPONSE 200
[debug] [2017-11-02T19:15:49.008Z] <<< HTTP RESPONSE 200
[info] i  hosting: Serving hosting files from: public
[info] +  hosting: Local server: http://localhost:5000

[info] [hosting] Rewriting / to local function app
[info] [hosting] Rewriting /sw.js to local function app
[info] +  functions: app: http://localhost:5001/gitbub-trello-webhook/us-central1/app
[info] [hosting] Rewriting / to local function app
[info] [hosting] Rewriting /sw.js to local function app
[info] [hosting] Rewriting /trelloUser to local function app
[info] [hosting] Rewriting /sw.js to local function app
[info] [hosting] Rewriting /trelloUser to local function app
[info] [hosting] Rewriting /sw.js to local function app
[info] [hosting] Rewriting /trelloUserWebhook to local function app
[info] [hosting] Rewriting /sw.js to local function app
