[debug] [2017-11-07T15:03:04.962Z] ----------------------------------------------------------------------
[debug] [2017-11-07T15:03:04.962Z] Command:       C:\Program Files\nodejs\node.exe C:\Users\HP\AppData\Roaming\npm\node_modules\firebase-tools\bin\firebase serve --only functions,hosting
[debug] [2017-11-07T15:03:04.962Z] CLI Version:   3.14.0
[debug] [2017-11-07T15:03:04.962Z] Platform:      win32
[debug] [2017-11-07T15:03:04.962Z] Node Version:  v6.11.5
[debug] [2017-11-07T15:03:04.962Z] Time:          Tue Nov 07 2017 20:33:04 GMT+0530 (India Standard Time)
[debug] [2017-11-07T15:03:04.962Z] ----------------------------------------------------------------------
[debug] 
[debug] [2017-11-07T15:03:04.994Z] > command requires scopes: ["email","openid","https://www.googleapis.com/auth/cloudplatformprojects.readonly","https://www.googleapis.com/auth/firebase","https://www.googleapis.com/auth/cloud-platform"]
[debug] [2017-11-07T15:03:04.995Z] > authorizing via signed-in user
[debug] [2017-11-07T15:03:04.999Z] >>> HTTP REQUEST GET https://admin.firebase.com/v1/projects/aie-onboarding  
 Tue Nov 07 2017 20:33:04 GMT+0530 (India Standard Time)
[debug] [2017-11-07T15:03:06.262Z] <<< HTTP RESPONSE 200
[debug] [2017-11-07T15:03:06.264Z] >>> HTTP REQUEST GET https://admin.firebase.com/v1/database/aie-onboarding/tokens  
 Tue Nov 07 2017 20:33:06 GMT+0530 (India Standard Time)
[debug] [2017-11-07T15:03:07.288Z] <<< HTTP RESPONSE 200
[info] 
[info] === Serving from 'F:\Capgemini\firebase\firebasehosting'...
[info] 
[info] i  functions: Preparing to emulate functions.
[debug] [2017-11-07T15:03:08.746Z] >>> HTTP REQUEST GET https://appengine.googleapis.com/v1/apps/aie-onboarding  
 Tue Nov 07 2017 20:33:08 GMT+0530 (India Standard Time)
[debug] [2017-11-07T15:03:08.748Z] >>> HTTP REQUEST GET https://apikeys.googleapis.com/v1/projects/aie-onboarding/apiKeys  
 Tue Nov 07 2017 20:33:08 GMT+0530 (India Standard Time)
[debug] [2017-11-07T15:03:08.749Z] >>> HTTP REQUEST GET https://cloudresourcemanager.googleapis.com/v1/projects/aie-onboarding  
 Tue Nov 07 2017 20:33:08 GMT+0530 (India Standard Time)
[debug] [2017-11-07T15:03:10.224Z] <<< HTTP RESPONSE 200
[debug] [2017-11-07T15:03:10.224Z] >>> HTTP REQUEST GET https://mobilesdk-pa.googleapis.com/v1/projects/340249715625/clients/_:getWebAppConfig  
 Tue Nov 07 2017 20:33:10 GMT+0530 (India Standard Time)
[debug] [2017-11-07T15:03:10.366Z] <<< HTTP RESPONSE 200
[debug] [2017-11-07T15:03:10.625Z] <<< HTTP RESPONSE 200
[debug] [2017-11-07T15:03:11.025Z] <<< HTTP RESPONSE 200
[info] i  hosting: Serving hosting files from: public
[info] +  hosting: Local server: http://localhost:5000

[info] +  functions: app: http://localhost:5001/aie-onboarding/us-central1/app
